<?xml version="1.0" encoding="UTF-8"?>
<!-- Generated by org.testng.reporters.JUnitReportReporter -->
<testsuite hostname="DESKTOP-N3ISE95" failures="0" tests="7" name="tests_for_interactions.SortableTests" time="0.464" errors="0" timestamp="2024-12-27T14:49:49 IST" skipped="4">
  <testcase classname="tests_for_interactions.SortableTests" name="clickoninteractions" time="0.145"/>
  <system-out/>
  <testcase classname="tests_for_interactions.SortableTests" name="clickonsortable" time="0.178"/>
  <system-out/>
  <testcase classname="tests_for_interactions.SortableTests" name="sortnamelistusingmap" time="0.141"/>
  <system-out/>
  <testcase classname="tests_for_interactions.SortableTests" name="sortnamelistbygetetxtmethod">
    <skipped/>
  </testcase> <!-- sortnamelistbygetetxtmethod -->
  <system-out/>
  <testcase classname="tests_for_interactions.SortableTests" name="sortnamelistusingloop">
    <skipped/>
  </testcase> <!-- sortnamelistusingloop -->
  <system-out/>
  <testcase classname="tests_for_interactions.SortableTests" name="sortnameandvalidate">
    <skipped/>
  </testcase> <!-- sortnameandvalidate -->
  <system-out/>
  <testcase classname="tests_for_interactions.SortableTests" name="sortnamelistusingehancedforloop">
    <skipped/>
  </testcase> <!-- sortnamelistusingehancedforloop -->
  <system-out/>
</testsuite> <!-- tests_for_interactions.SortableTests -->
