<?xml version="1.0" encoding="UTF-8"?>
<!-- Generated by org.testng.reporters.JUnitReportReporter -->
<testsuite hostname="DESKTOP-N3ISE95" failures="0" tests="6" name="tests_for_interactions.SelectableTests" time="2.583" errors="0" timestamp="2024-12-27T14:50:58 IST" skipped="3">
  <testcase classname="tests_for_interactions.SelectableTests" name="clickoninteractions" time="0.170"/>
  <system-out/>
  <testcase classname="tests_for_interactions.SelectableTests" name="clickonselectable" time="0.708"/>
  <system-out/>
  <testcase classname="tests_for_interactions.SelectableTests" name="selectoptionnormally" time="1.705"/>
  <system-out/>
  <testcase classname="tests_for_interactions.SelectableTests" name="selectoptionbycss">
    <skipped/>
  </testcase> <!-- selectoptionbycss -->
  <system-out/>
  <testcase classname="tests_for_interactions.SelectableTests" name="selectoptionthroughstatechange">
    <skipped/>
  </testcase> <!-- selectoptionthroughstatechange -->
  <system-out/>
  <testcase classname="tests_for_interactions.SelectableTests" name="selectoneoptionbyattribute">
    <skipped/>
  </testcase> <!-- selectoneoptionbyattribute -->
  <system-out/>
</testsuite> <!-- tests_for_interactions.SelectableTests -->
