<?xml version="1.0" encoding="UTF-8"?>
<!-- Generated by org.testng.reporters.JUnitReportReporter -->
<testsuite hostname="DESKTOP-N3ISE95" failures="0" tests="4" name="tests_for_interactions.DraggableTests" time="1.609" errors="0" timestamp="2024-12-28T17:18:31 IST" skipped="1">
  <testcase classname="tests_for_interactions.DraggableTests" name="clickoninteractions" time="0.193"/>
  <testcase classname="tests_for_interactions.DraggableTests" name="clickondraggableoption" time="0.722"/>
  <testcase classname="tests_for_interactions.DraggableTests" name="draggablecursorandValidate" time="0.694"/>
  <testcase classname="tests_for_interactions.DraggableTests" name="draggablecursor">
    <skipped/>
  </testcase> <!-- draggablecursor -->
</testsuite> <!-- tests_for_interactions.DraggableTests -->
